WARN  [AWT-EventQueue-0] 2015-04-01 17:53:09,362 repast.simphony.scenario.AbstractActionLoader - Error attempting to load file 'E:\Repast-Models\JZombies_Demo\JZombies_Demo.rs\repast.simphony.dataLoader.engine.ClassNameDataLoaderAction_0.xml'. Not loading the action from that file.
java.io.FileNotFoundException: E:\Repast-Models\JZombies_Demo\JZombies_Demo.rs\repast.simphony.dataLoader.engine.ClassNameDataLoaderAction_0.xml (The system cannot find the file specified)
	at java.io.FileInputStream.open0(Native Method)
	at java.io.FileInputStream.open(Unknown Source)
	at java.io.FileInputStream.<init>(Unknown Source)
	at java.io.FileReader.<init>(Unknown Source)
	at repast.simphony.scenario.AbstractActionLoader.loadAction(AbstractActionLoader.java:34)
	at repast.simphony.scenario.ScenarioFileLoader.createActions(ScenarioFileLoader.java:90)
	at repast.simphony.scenario.ScenarioFileLoader.load(ScenarioFileLoader.java:66)
	at repast.simphony.scenario.ScenarioLoader.load(ScenarioLoader.java:193)
	at repast.simphony.ui.RSApplication.open(RSApplication.java:359)
	at repast.simphony.ui.RSAppConfigurator.postWindowOpen(RSAppConfigurator.java:39)
	at saf.core.ui.GUICreatorDelegate.runDisplay(GUICreatorDelegate.java:188)
	at saf.core.ui.GUICreator$1.run(GUICreator.java:18)
	at simphony.util.ThreadUtilities$Runner.run(ThreadUtilities.java:33)
	at simphony.util.ThreadUtilities.runInEventThread(ThreadUtilities.java:47)
	at saf.core.ui.GUICreator.runDisplay(GUICreator.java:16)
	at repast.simphony.ui.RSUIPlugin$1.run(RSUIPlugin.java:104)
	at java.awt.event.InvocationEvent.dispatch(Unknown Source)
	at java.awt.EventQueue.dispatchEventImpl(Unknown Source)
	at java.awt.EventQueue.access$500(Unknown Source)
	at java.awt.EventQueue$3.run(Unknown Source)
	at java.awt.EventQueue$3.run(Unknown Source)
	at java.security.AccessController.doPrivileged(Native Method)
	at java.security.ProtectionDomain$1.doIntersectionPrivilege(Unknown Source)
	at java.awt.EventQueue.dispatchEvent(Unknown Source)
	at java.awt.EventDispatchThread.pumpOneEventForFilters(Unknown Source)
	at java.awt.EventDispatchThread.pumpEventsForFilter(Unknown Source)
	at java.awt.EventDispatchThread.pumpEventsForHierarchy(Unknown Source)
	at java.awt.EventDispatchThread.pumpEvents(Unknown Source)
	at java.awt.EventDispatchThread.pumpEvents(Unknown Source)
	at java.awt.EventDispatchThread.run(Unknown Source)
WARN  [AWT-EventQueue-0] 2015-04-01 17:53:09,362 repast.simphony.scenario.AbstractActionLoader - Error attempting to load file 'E:\Repast-Models\JZombies_Demo\JZombies_Demo.rs\repast.simphony.action.data_set_1.xml'. Not loading the action from that file.
java.io.FileNotFoundException: E:\Repast-Models\JZombies_Demo\JZombies_Demo.rs\repast.simphony.action.data_set_1.xml (The system cannot find the file specified)
	at java.io.FileInputStream.open0(Native Method)
	at java.io.FileInputStream.open(Unknown Source)
	at java.io.FileInputStream.<init>(Unknown Source)
	at java.io.FileReader.<init>(Unknown Source)
	at repast.simphony.scenario.AbstractActionLoader.loadAction(AbstractActionLoader.java:34)
	at repast.simphony.scenario.ScenarioFileLoader.createActions(ScenarioFileLoader.java:90)
	at repast.simphony.scenario.ScenarioFileLoader.load(ScenarioFileLoader.java:66)
	at repast.simphony.scenario.ScenarioLoader.load(ScenarioLoader.java:193)
	at repast.simphony.ui.RSApplication.open(RSApplication.java:359)
	at repast.simphony.ui.RSAppConfigurator.postWindowOpen(RSAppConfigurator.java:39)
	at saf.core.ui.GUICreatorDelegate.runDisplay(GUICreatorDelegate.java:188)
	at saf.core.ui.GUICreator$1.run(GUICreator.java:18)
	at simphony.util.ThreadUtilities$Runner.run(ThreadUtilities.java:33)
	at simphony.util.ThreadUtilities.runInEventThread(ThreadUtilities.java:47)
	at saf.core.ui.GUICreator.runDisplay(GUICreator.java:16)
	at repast.simphony.ui.RSUIPlugin$1.run(RSUIPlugin.java:104)
	at java.awt.event.InvocationEvent.dispatch(Unknown Source)
	at java.awt.EventQueue.dispatchEventImpl(Unknown Source)
	at java.awt.EventQueue.access$500(Unknown Source)
	at java.awt.EventQueue$3.run(Unknown Source)
	at java.awt.EventQueue$3.run(Unknown Source)
	at java.security.AccessController.doPrivileged(Native Method)
	at java.security.ProtectionDomain$1.doIntersectionPrivilege(Unknown Source)
	at java.awt.EventQueue.dispatchEvent(Unknown Source)
	at java.awt.EventDispatchThread.pumpOneEventForFilters(Unknown Source)
	at java.awt.EventDispatchThread.pumpEventsForFilter(Unknown Source)
	at java.awt.EventDispatchThread.pumpEventsForHierarchy(Unknown Source)
	at java.awt.EventDispatchThread.pumpEvents(Unknown Source)
	at java.awt.EventDispatchThread.pumpEvents(Unknown Source)
	at java.awt.EventDispatchThread.run(Unknown Source)
WARN  [AWT-EventQueue-0] 2015-04-01 17:53:09,362 repast.simphony.scenario.AbstractActionLoader - Error attempting to load file 'E:\Repast-Models\JZombies_Demo\JZombies_Demo.rs\repast.simphony.action.file_sink_2.xml'. Not loading the action from that file.
java.io.FileNotFoundException: E:\Repast-Models\JZombies_Demo\JZombies_Demo.rs\repast.simphony.action.file_sink_2.xml (The system cannot find the file specified)
	at java.io.FileInputStream.open0(Native Method)
	at java.io.FileInputStream.open(Unknown Source)
	at java.io.FileInputStream.<init>(Unknown Source)
	at java.io.FileReader.<init>(Unknown Source)
	at repast.simphony.scenario.AbstractActionLoader.loadAction(AbstractActionLoader.java:34)
	at repast.simphony.scenario.ScenarioFileLoader.createActions(ScenarioFileLoader.java:90)
	at repast.simphony.scenario.ScenarioFileLoader.load(ScenarioFileLoader.java:66)
	at repast.simphony.scenario.ScenarioLoader.load(ScenarioLoader.java:193)
	at repast.simphony.ui.RSApplication.open(RSApplication.java:359)
	at repast.simphony.ui.RSAppConfigurator.postWindowOpen(RSAppConfigurator.java:39)
	at saf.core.ui.GUICreatorDelegate.runDisplay(GUICreatorDelegate.java:188)
	at saf.core.ui.GUICreator$1.run(GUICreator.java:18)
	at simphony.util.ThreadUtilities$Runner.run(ThreadUtilities.java:33)
	at simphony.util.ThreadUtilities.runInEventThread(ThreadUtilities.java:47)
	at saf.core.ui.GUICreator.runDisplay(GUICreator.java:16)
	at repast.simphony.ui.RSUIPlugin$1.run(RSUIPlugin.java:104)
	at java.awt.event.InvocationEvent.dispatch(Unknown Source)
	at java.awt.EventQueue.dispatchEventImpl(Unknown Source)
	at java.awt.EventQueue.access$500(Unknown Source)
	at java.awt.EventQueue$3.run(Unknown Source)
	at java.awt.EventQueue$3.run(Unknown Source)
	at java.security.AccessController.doPrivileged(Native Method)
	at java.security.ProtectionDomain$1.doIntersectionPrivilege(Unknown Source)
	at java.awt.EventQueue.dispatchEvent(Unknown Source)
	at java.awt.EventDispatchThread.pumpOneEventForFilters(Unknown Source)
	at java.awt.EventDispatchThread.pumpEventsForFilter(Unknown Source)
	at java.awt.EventDispatchThread.pumpEventsForHierarchy(Unknown Source)
	at java.awt.EventDispatchThread.pumpEvents(Unknown Source)
	at java.awt.EventDispatchThread.pumpEvents(Unknown Source)
	at java.awt.EventDispatchThread.run(Unknown Source)
WARN  [AWT-EventQueue-0] 2015-04-01 17:53:09,378 repast.simphony.scenario.AbstractActionLoader - Error attempting to load file 'E:\Repast-Models\JZombies_Demo\JZombies_Demo.rs\repast.simphony.action.display_3.xml'. Not loading the action from that file.
java.io.FileNotFoundException: E:\Repast-Models\JZombies_Demo\JZombies_Demo.rs\repast.simphony.action.display_3.xml (The system cannot find the file specified)
	at java.io.FileInputStream.open0(Native Method)
	at java.io.FileInputStream.open(Unknown Source)
	at java.io.FileInputStream.<init>(Unknown Source)
	at java.io.FileReader.<init>(Unknown Source)
	at repast.simphony.scenario.AbstractActionLoader.loadAction(AbstractActionLoader.java:34)
	at repast.simphony.scenario.ScenarioFileLoader.createActions(ScenarioFileLoader.java:90)
	at repast.simphony.scenario.ScenarioFileLoader.load(ScenarioFileLoader.java:66)
	at repast.simphony.scenario.ScenarioLoader.load(ScenarioLoader.java:193)
	at repast.simphony.ui.RSApplication.open(RSApplication.java:359)
	at repast.simphony.ui.RSAppConfigurator.postWindowOpen(RSAppConfigurator.java:39)
	at saf.core.ui.GUICreatorDelegate.runDisplay(GUICreatorDelegate.java:188)
	at saf.core.ui.GUICreator$1.run(GUICreator.java:18)
	at simphony.util.ThreadUtilities$Runner.run(ThreadUtilities.java:33)
	at simphony.util.ThreadUtilities.runInEventThread(ThreadUtilities.java:47)
	at saf.core.ui.GUICreator.runDisplay(GUICreator.java:16)
	at repast.simphony.ui.RSUIPlugin$1.run(RSUIPlugin.java:104)
	at java.awt.event.InvocationEvent.dispatch(Unknown Source)
	at java.awt.EventQueue.dispatchEventImpl(Unknown Source)
	at java.awt.EventQueue.access$500(Unknown Source)
	at java.awt.EventQueue$3.run(Unknown Source)
	at java.awt.EventQueue$3.run(Unknown Source)
	at java.security.AccessController.doPrivileged(Native Method)
	at java.security.ProtectionDomain$1.doIntersectionPrivilege(Unknown Source)
	at java.awt.EventQueue.dispatchEvent(Unknown Source)
	at java.awt.EventDispatchThread.pumpOneEventForFilters(Unknown Source)
	at java.awt.EventDispatchThread.pumpEventsForFilter(Unknown Source)
	at java.awt.EventDispatchThread.pumpEventsForHierarchy(Unknown Source)
	at java.awt.EventDispatchThread.pumpEvents(Unknown Source)
	at java.awt.EventDispatchThread.pumpEvents(Unknown Source)
	at java.awt.EventDispatchThread.run(Unknown Source)
WARN  [AWT-EventQueue-0] 2015-04-01 17:53:09,378 repast.simphony.scenario.AbstractActionLoader - Error attempting to load file 'E:\Repast-Models\JZombies_Demo\JZombies_Demo.rs\repast.simphony.action.time_series_chart_4.xml'. Not loading the action from that file.
java.io.FileNotFoundException: E:\Repast-Models\JZombies_Demo\JZombies_Demo.rs\repast.simphony.action.time_series_chart_4.xml (The system cannot find the file specified)
	at java.io.FileInputStream.open0(Native Method)
	at java.io.FileInputStream.open(Unknown Source)
	at java.io.FileInputStream.<init>(Unknown Source)
	at java.io.FileReader.<init>(Unknown Source)
	at repast.simphony.scenario.AbstractActionLoader.loadAction(AbstractActionLoader.java:34)
	at repast.simphony.scenario.ScenarioFileLoader.createActions(ScenarioFileLoader.java:90)
	at repast.simphony.scenario.ScenarioFileLoader.load(ScenarioFileLoader.java:66)
	at repast.simphony.scenario.ScenarioLoader.load(ScenarioLoader.java:193)
	at repast.simphony.ui.RSApplication.open(RSApplication.java:359)
	at repast.simphony.ui.RSAppConfigurator.postWindowOpen(RSAppConfigurator.java:39)
	at saf.core.ui.GUICreatorDelegate.runDisplay(GUICreatorDelegate.java:188)
	at saf.core.ui.GUICreator$1.run(GUICreator.java:18)
	at simphony.util.ThreadUtilities$Runner.run(ThreadUtilities.java:33)
	at simphony.util.ThreadUtilities.runInEventThread(ThreadUtilities.java:47)
	at saf.core.ui.GUICreator.runDisplay(GUICreator.java:16)
	at repast.simphony.ui.RSUIPlugin$1.run(RSUIPlugin.java:104)
	at java.awt.event.InvocationEvent.dispatch(Unknown Source)
	at java.awt.EventQueue.dispatchEventImpl(Unknown Source)
	at java.awt.EventQueue.access$500(Unknown Source)
	at java.awt.EventQueue$3.run(Unknown Source)
	at java.awt.EventQueue$3.run(Unknown Source)
	at java.security.AccessController.doPrivileged(Native Method)
	at java.security.ProtectionDomain$1.doIntersectionPrivilege(Unknown Source)
	at java.awt.EventQueue.dispatchEvent(Unknown Source)
	at java.awt.EventDispatchThread.pumpOneEventForFilters(Unknown Source)
	at java.awt.EventDispatchThread.pumpEventsForFilter(Unknown Source)
	at java.awt.EventDispatchThread.pumpEventsForHierarchy(Unknown Source)
	at java.awt.EventDispatchThread.pumpEvents(Unknown Source)
	at java.awt.EventDispatchThread.pumpEvents(Unknown Source)
	at java.awt.EventDispatchThread.run(Unknown Source)
WARN  [AWT-EventQueue-0] 2015-04-01 17:54:21,049 repast.simphony.scenario.AbstractActionLoader - Error attempting to load file 'E:\Repast-Models\JZombies_Demo\JZombies_Demo.rs\repast.simphony.dataLoader.engine.ClassNameDataLoaderAction_0.xml'. Not loading the action from that file.
java.io.FileNotFoundException: E:\Repast-Models\JZombies_Demo\JZombies_Demo.rs\repast.simphony.dataLoader.engine.ClassNameDataLoaderAction_0.xml (The system cannot find the file specified)
	at java.io.FileInputStream.open0(Native Method)
	at java.io.FileInputStream.open(Unknown Source)
	at java.io.FileInputStream.<init>(Unknown Source)
	at java.io.FileReader.<init>(Unknown Source)
	at repast.simphony.scenario.AbstractActionLoader.loadAction(AbstractActionLoader.java:34)
	at repast.simphony.scenario.ScenarioFileLoader.createActions(ScenarioFileLoader.java:90)
	at repast.simphony.scenario.ScenarioFileLoader.load(ScenarioFileLoader.java:66)
	at repast.simphony.scenario.ScenarioLoader.load(ScenarioLoader.java:193)
	at repast.simphony.ui.RSApplication.open(RSApplication.java:359)
	at repast.simphony.ui.RSAppConfigurator.postWindowOpen(RSAppConfigurator.java:39)
	at saf.core.ui.GUICreatorDelegate.runDisplay(GUICreatorDelegate.java:188)
	at saf.core.ui.GUICreator$1.run(GUICreator.java:18)
	at simphony.util.ThreadUtilities$Runner.run(ThreadUtilities.java:33)
	at simphony.util.ThreadUtilities.runInEventThread(ThreadUtilities.java:47)
	at saf.core.ui.GUICreator.runDisplay(GUICreator.java:16)
	at repast.simphony.ui.RSUIPlugin$1.run(RSUIPlugin.java:104)
	at java.awt.event.InvocationEvent.dispatch(Unknown Source)
	at java.awt.EventQueue.dispatchEventImpl(Unknown Source)
	at java.awt.EventQueue.access$500(Unknown Source)
	at java.awt.EventQueue$3.run(Unknown Source)
	at java.awt.EventQueue$3.run(Unknown Source)
	at java.security.AccessController.doPrivileged(Native Method)
	at java.security.ProtectionDomain$1.doIntersectionPrivilege(Unknown Source)
	at java.awt.EventQueue.dispatchEvent(Unknown Source)
	at java.awt.EventDispatchThread.pumpOneEventForFilters(Unknown Source)
	at java.awt.EventDispatchThread.pumpEventsForFilter(Unknown Source)
	at java.awt.EventDispatchThread.pumpEventsForHierarchy(Unknown Source)
	at java.awt.EventDispatchThread.pumpEvents(Unknown Source)
	at java.awt.EventDispatchThread.pumpEvents(Unknown Source)
	at java.awt.EventDispatchThread.run(Unknown Source)
WARN  [AWT-EventQueue-0] 2015-04-01 17:54:21,065 repast.simphony.scenario.AbstractActionLoader - Error attempting to load file 'E:\Repast-Models\JZombies_Demo\JZombies_Demo.rs\repast.simphony.action.data_set_1.xml'. Not loading the action from that file.
java.io.FileNotFoundException: E:\Repast-Models\JZombies_Demo\JZombies_Demo.rs\repast.simphony.action.data_set_1.xml (The system cannot find the file specified)
	at java.io.FileInputStream.open0(Native Method)
	at java.io.FileInputStream.open(Unknown Source)
	at java.io.FileInputStream.<init>(Unknown Source)
	at java.io.FileReader.<init>(Unknown Source)
	at repast.simphony.scenario.AbstractActionLoader.loadAction(AbstractActionLoader.java:34)
	at repast.simphony.scenario.ScenarioFileLoader.createActions(ScenarioFileLoader.java:90)
	at repast.simphony.scenario.ScenarioFileLoader.load(ScenarioFileLoader.java:66)
	at repast.simphony.scenario.ScenarioLoader.load(ScenarioLoader.java:193)
	at repast.simphony.ui.RSApplication.open(RSApplication.java:359)
	at repast.simphony.ui.RSAppConfigurator.postWindowOpen(RSAppConfigurator.java:39)
	at saf.core.ui.GUICreatorDelegate.runDisplay(GUICreatorDelegate.java:188)
	at saf.core.ui.GUICreator$1.run(GUICreator.java:18)
	at simphony.util.ThreadUtilities$Runner.run(ThreadUtilities.java:33)
	at simphony.util.ThreadUtilities.runInEventThread(ThreadUtilities.java:47)
	at saf.core.ui.GUICreator.runDisplay(GUICreator.java:16)
	at repast.simphony.ui.RSUIPlugin$1.run(RSUIPlugin.java:104)
	at java.awt.event.InvocationEvent.dispatch(Unknown Source)
	at java.awt.EventQueue.dispatchEventImpl(Unknown Source)
	at java.awt.EventQueue.access$500(Unknown Source)
	at java.awt.EventQueue$3.run(Unknown Source)
	at java.awt.EventQueue$3.run(Unknown Source)
	at java.security.AccessController.doPrivileged(Native Method)
	at java.security.ProtectionDomain$1.doIntersectionPrivilege(Unknown Source)
	at java.awt.EventQueue.dispatchEvent(Unknown Source)
	at java.awt.EventDispatchThread.pumpOneEventForFilters(Unknown Source)
	at java.awt.EventDispatchThread.pumpEventsForFilter(Unknown Source)
	at java.awt.EventDispatchThread.pumpEventsForHierarchy(Unknown Source)
	at java.awt.EventDispatchThread.pumpEvents(Unknown Source)
	at java.awt.EventDispatchThread.pumpEvents(Unknown Source)
	at java.awt.EventDispatchThread.run(Unknown Source)
WARN  [AWT-EventQueue-0] 2015-04-01 17:54:21,065 repast.simphony.scenario.AbstractActionLoader - Error attempting to load file 'E:\Repast-Models\JZombies_Demo\JZombies_Demo.rs\repast.simphony.action.file_sink_2.xml'. Not loading the action from that file.
java.io.FileNotFoundException: E:\Repast-Models\JZombies_Demo\JZombies_Demo.rs\repast.simphony.action.file_sink_2.xml (The system cannot find the file specified)
	at java.io.FileInputStream.open0(Native Method)
	at java.io.FileInputStream.open(Unknown Source)
	at java.io.FileInputStream.<init>(Unknown Source)
	at java.io.FileReader.<init>(Unknown Source)
	at repast.simphony.scenario.AbstractActionLoader.loadAction(AbstractActionLoader.java:34)
	at repast.simphony.scenario.ScenarioFileLoader.createActions(ScenarioFileLoader.java:90)
	at repast.simphony.scenario.ScenarioFileLoader.load(ScenarioFileLoader.java:66)
	at repast.simphony.scenario.ScenarioLoader.load(ScenarioLoader.java:193)
	at repast.simphony.ui.RSApplication.open(RSApplication.java:359)
	at repast.simphony.ui.RSAppConfigurator.postWindowOpen(RSAppConfigurator.java:39)
	at saf.core.ui.GUICreatorDelegate.runDisplay(GUICreatorDelegate.java:188)
	at saf.core.ui.GUICreator$1.run(GUICreator.java:18)
	at simphony.util.ThreadUtilities$Runner.run(ThreadUtilities.java:33)
	at simphony.util.ThreadUtilities.runInEventThread(ThreadUtilities.java:47)
	at saf.core.ui.GUICreator.runDisplay(GUICreator.java:16)
	at repast.simphony.ui.RSUIPlugin$1.run(RSUIPlugin.java:104)
	at java.awt.event.InvocationEvent.dispatch(Unknown Source)
	at java.awt.EventQueue.dispatchEventImpl(Unknown Source)
	at java.awt.EventQueue.access$500(Unknown Source)
	at java.awt.EventQueue$3.run(Unknown Source)
	at java.awt.EventQueue$3.run(Unknown Source)
	at java.security.AccessController.doPrivileged(Native Method)
	at java.security.ProtectionDomain$1.doIntersectionPrivilege(Unknown Source)
	at java.awt.EventQueue.dispatchEvent(Unknown Source)
	at java.awt.EventDispatchThread.pumpOneEventForFilters(Unknown Source)
	at java.awt.EventDispatchThread.pumpEventsForFilter(Unknown Source)
	at java.awt.EventDispatchThread.pumpEventsForHierarchy(Unknown Source)
	at java.awt.EventDispatchThread.pumpEvents(Unknown Source)
	at java.awt.EventDispatchThread.pumpEvents(Unknown Source)
	at java.awt.EventDispatchThread.run(Unknown Source)
WARN  [AWT-EventQueue-0] 2015-04-01 17:54:21,065 repast.simphony.scenario.AbstractActionLoader - Error attempting to load file 'E:\Repast-Models\JZombies_Demo\JZombies_Demo.rs\repast.simphony.action.display_3.xml'. Not loading the action from that file.
java.io.FileNotFoundException: E:\Repast-Models\JZombies_Demo\JZombies_Demo.rs\repast.simphony.action.display_3.xml (The system cannot find the file specified)
	at java.io.FileInputStream.open0(Native Method)
	at java.io.FileInputStream.open(Unknown Source)
	at java.io.FileInputStream.<init>(Unknown Source)
	at java.io.FileReader.<init>(Unknown Source)
	at repast.simphony.scenario.AbstractActionLoader.loadAction(AbstractActionLoader.java:34)
	at repast.simphony.scenario.ScenarioFileLoader.createActions(ScenarioFileLoader.java:90)
	at repast.simphony.scenario.ScenarioFileLoader.load(ScenarioFileLoader.java:66)
	at repast.simphony.scenario.ScenarioLoader.load(ScenarioLoader.java:193)
	at repast.simphony.ui.RSApplication.open(RSApplication.java:359)
	at repast.simphony.ui.RSAppConfigurator.postWindowOpen(RSAppConfigurator.java:39)
	at saf.core.ui.GUICreatorDelegate.runDisplay(GUICreatorDelegate.java:188)
	at saf.core.ui.GUICreator$1.run(GUICreator.java:18)
	at simphony.util.ThreadUtilities$Runner.run(ThreadUtilities.java:33)
	at simphony.util.ThreadUtilities.runInEventThread(ThreadUtilities.java:47)
	at saf.core.ui.GUICreator.runDisplay(GUICreator.java:16)
	at repast.simphony.ui.RSUIPlugin$1.run(RSUIPlugin.java:104)
	at java.awt.event.InvocationEvent.dispatch(Unknown Source)
	at java.awt.EventQueue.dispatchEventImpl(Unknown Source)
	at java.awt.EventQueue.access$500(Unknown Source)
	at java.awt.EventQueue$3.run(Unknown Source)
	at java.awt.EventQueue$3.run(Unknown Source)
	at java.security.AccessController.doPrivileged(Native Method)
	at java.security.ProtectionDomain$1.doIntersectionPrivilege(Unknown Source)
	at java.awt.EventQueue.dispatchEvent(Unknown Source)
	at java.awt.EventDispatchThread.pumpOneEventForFilters(Unknown Source)
	at java.awt.EventDispatchThread.pumpEventsForFilter(Unknown Source)
	at java.awt.EventDispatchThread.pumpEventsForHierarchy(Unknown Source)
	at java.awt.EventDispatchThread.pumpEvents(Unknown Source)
	at java.awt.EventDispatchThread.pumpEvents(Unknown Source)
	at java.awt.EventDispatchThread.run(Unknown Source)
WARN  [AWT-EventQueue-0] 2015-04-01 17:54:21,065 repast.simphony.scenario.AbstractActionLoader - Error attempting to load file 'E:\Repast-Models\JZombies_Demo\JZombies_Demo.rs\repast.simphony.action.time_series_chart_4.xml'. Not loading the action from that file.
java.io.FileNotFoundException: E:\Repast-Models\JZombies_Demo\JZombies_Demo.rs\repast.simphony.action.time_series_chart_4.xml (The system cannot find the file specified)
	at java.io.FileInputStream.open0(Native Method)
	at java.io.FileInputStream.open(Unknown Source)
	at java.io.FileInputStream.<init>(Unknown Source)
	at java.io.FileReader.<init>(Unknown Source)
	at repast.simphony.scenario.AbstractActionLoader.loadAction(AbstractActionLoader.java:34)
	at repast.simphony.scenario.ScenarioFileLoader.createActions(ScenarioFileLoader.java:90)
	at repast.simphony.scenario.ScenarioFileLoader.load(ScenarioFileLoader.java:66)
	at repast.simphony.scenario.ScenarioLoader.load(ScenarioLoader.java:193)
	at repast.simphony.ui.RSApplication.open(RSApplication.java:359)
	at repast.simphony.ui.RSAppConfigurator.postWindowOpen(RSAppConfigurator.java:39)
	at saf.core.ui.GUICreatorDelegate.runDisplay(GUICreatorDelegate.java:188)
	at saf.core.ui.GUICreator$1.run(GUICreator.java:18)
	at simphony.util.ThreadUtilities$Runner.run(ThreadUtilities.java:33)
	at simphony.util.ThreadUtilities.runInEventThread(ThreadUtilities.java:47)
	at saf.core.ui.GUICreator.runDisplay(GUICreator.java:16)
	at repast.simphony.ui.RSUIPlugin$1.run(RSUIPlugin.java:104)
	at java.awt.event.InvocationEvent.dispatch(Unknown Source)
	at java.awt.EventQueue.dispatchEventImpl(Unknown Source)
	at java.awt.EventQueue.access$500(Unknown Source)
	at java.awt.EventQueue$3.run(Unknown Source)
	at java.awt.EventQueue$3.run(Unknown Source)
	at java.security.AccessController.doPrivileged(Native Method)
	at java.security.ProtectionDomain$1.doIntersectionPrivilege(Unknown Source)
	at java.awt.EventQueue.dispatchEvent(Unknown Source)
	at java.awt.EventDispatchThread.pumpOneEventForFilters(Unknown Source)
	at java.awt.EventDispatchThread.pumpEventsForFilter(Unknown Source)
	at java.awt.EventDispatchThread.pumpEventsForHierarchy(Unknown Source)
	at java.awt.EventDispatchThread.pumpEvents(Unknown Source)
	at java.awt.EventDispatchThread.pumpEvents(Unknown Source)
	at java.awt.EventDispatchThread.run(Unknown Source)
WARN  [AWT-EventQueue-0] 2015-04-01 17:55:29,352 repast.simphony.scenario.AbstractActionLoader - Error attempting to load file 'E:\Repast-Models\JZombies_Demo\JZombies_Demo.rs\repast.simphony.dataLoader.engine.ClassNameDataLoaderAction_0.xml'. Not loading the action from that file.
java.io.FileNotFoundException: E:\Repast-Models\JZombies_Demo\JZombies_Demo.rs\repast.simphony.dataLoader.engine.ClassNameDataLoaderAction_0.xml (The system cannot find the file specified)
	at java.io.FileInputStream.open0(Native Method)
	at java.io.FileInputStream.open(Unknown Source)
	at java.io.FileInputStream.<init>(Unknown Source)
	at java.io.FileReader.<init>(Unknown Source)
	at repast.simphony.scenario.AbstractActionLoader.loadAction(AbstractActionLoader.java:34)
	at repast.simphony.scenario.ScenarioFileLoader.createActions(ScenarioFileLoader.java:90)
	at repast.simphony.scenario.ScenarioFileLoader.load(ScenarioFileLoader.java:66)
	at repast.simphony.scenario.ScenarioLoader.load(ScenarioLoader.java:193)
	at repast.simphony.ui.RSApplication.open(RSApplication.java:359)
	at repast.simphony.ui.RSAppConfigurator.postWindowOpen(RSAppConfigurator.java:39)
	at saf.core.ui.GUICreatorDelegate.runDisplay(GUICreatorDelegate.java:188)
	at saf.core.ui.GUICreator$1.run(GUICreator.java:18)
	at simphony.util.ThreadUtilities$Runner.run(ThreadUtilities.java:33)
	at simphony.util.ThreadUtilities.runInEventThread(ThreadUtilities.java:47)
	at saf.core.ui.GUICreator.runDisplay(GUICreator.java:16)
	at repast.simphony.ui.RSUIPlugin$1.run(RSUIPlugin.java:104)
	at java.awt.event.InvocationEvent.dispatch(Unknown Source)
	at java.awt.EventQueue.dispatchEventImpl(Unknown Source)
	at java.awt.EventQueue.access$500(Unknown Source)
	at java.awt.EventQueue$3.run(Unknown Source)
	at java.awt.EventQueue$3.run(Unknown Source)
	at java.security.AccessController.doPrivileged(Native Method)
	at java.security.ProtectionDomain$1.doIntersectionPrivilege(Unknown Source)
	at java.awt.EventQueue.dispatchEvent(Unknown Source)
	at java.awt.EventDispatchThread.pumpOneEventForFilters(Unknown Source)
	at java.awt.EventDispatchThread.pumpEventsForFilter(Unknown Source)
	at java.awt.EventDispatchThread.pumpEventsForHierarchy(Unknown Source)
	at java.awt.EventDispatchThread.pumpEvents(Unknown Source)
	at java.awt.EventDispatchThread.pumpEvents(Unknown Source)
	at java.awt.EventDispatchThread.run(Unknown Source)
WARN  [AWT-EventQueue-0] 2015-04-01 17:55:29,352 repast.simphony.scenario.AbstractActionLoader - Error attempting to load file 'E:\Repast-Models\JZombies_Demo\JZombies_Demo.rs\repast.simphony.action.data_set_1.xml'. Not loading the action from that file.
java.io.FileNotFoundException: E:\Repast-Models\JZombies_Demo\JZombies_Demo.rs\repast.simphony.action.data_set_1.xml (The system cannot find the file specified)
	at java.io.FileInputStream.open0(Native Method)
	at java.io.FileInputStream.open(Unknown Source)
	at java.io.FileInputStream.<init>(Unknown Source)
	at java.io.FileReader.<init>(Unknown Source)
	at repast.simphony.scenario.AbstractActionLoader.loadAction(AbstractActionLoader.java:34)
	at repast.simphony.scenario.ScenarioFileLoader.createActions(ScenarioFileLoader.java:90)
	at repast.simphony.scenario.ScenarioFileLoader.load(ScenarioFileLoader.java:66)
	at repast.simphony.scenario.ScenarioLoader.load(ScenarioLoader.java:193)
	at repast.simphony.ui.RSApplication.open(RSApplication.java:359)
	at repast.simphony.ui.RSAppConfigurator.postWindowOpen(RSAppConfigurator.java:39)
	at saf.core.ui.GUICreatorDelegate.runDisplay(GUICreatorDelegate.java:188)
	at saf.core.ui.GUICreator$1.run(GUICreator.java:18)
	at simphony.util.ThreadUtilities$Runner.run(ThreadUtilities.java:33)
	at simphony.util.ThreadUtilities.runInEventThread(ThreadUtilities.java:47)
	at saf.core.ui.GUICreator.runDisplay(GUICreator.java:16)
	at repast.simphony.ui.RSUIPlugin$1.run(RSUIPlugin.java:104)
	at java.awt.event.InvocationEvent.dispatch(Unknown Source)
	at java.awt.EventQueue.dispatchEventImpl(Unknown Source)
	at java.awt.EventQueue.access$500(Unknown Source)
	at java.awt.EventQueue$3.run(Unknown Source)
	at java.awt.EventQueue$3.run(Unknown Source)
	at java.security.AccessController.doPrivileged(Native Method)
	at java.security.ProtectionDomain$1.doIntersectionPrivilege(Unknown Source)
	at java.awt.EventQueue.dispatchEvent(Unknown Source)
	at java.awt.EventDispatchThread.pumpOneEventForFilters(Unknown Source)
	at java.awt.EventDispatchThread.pumpEventsForFilter(Unknown Source)
	at java.awt.EventDispatchThread.pumpEventsForHierarchy(Unknown Source)
	at java.awt.EventDispatchThread.pumpEvents(Unknown Source)
	at java.awt.EventDispatchThread.pumpEvents(Unknown Source)
	at java.awt.EventDispatchThread.run(Unknown Source)
WARN  [AWT-EventQueue-0] 2015-04-01 17:55:29,352 repast.simphony.scenario.AbstractActionLoader - Error attempting to load file 'E:\Repast-Models\JZombies_Demo\JZombies_Demo.rs\repast.simphony.action.file_sink_2.xml'. Not loading the action from that file.
java.io.FileNotFoundException: E:\Repast-Models\JZombies_Demo\JZombies_Demo.rs\repast.simphony.action.file_sink_2.xml (The system cannot find the file specified)
	at java.io.FileInputStream.open0(Native Method)
	at java.io.FileInputStream.open(Unknown Source)
	at java.io.FileInputStream.<init>(Unknown Source)
	at java.io.FileReader.<init>(Unknown Source)
	at repast.simphony.scenario.AbstractActionLoader.loadAction(AbstractActionLoader.java:34)
	at repast.simphony.scenario.ScenarioFileLoader.createActions(ScenarioFileLoader.java:90)
	at repast.simphony.scenario.ScenarioFileLoader.load(ScenarioFileLoader.java:66)
	at repast.simphony.scenario.ScenarioLoader.load(ScenarioLoader.java:193)
	at repast.simphony.ui.RSApplication.open(RSApplication.java:359)
	at repast.simphony.ui.RSAppConfigurator.postWindowOpen(RSAppConfigurator.java:39)
	at saf.core.ui.GUICreatorDelegate.runDisplay(GUICreatorDelegate.java:188)
	at saf.core.ui.GUICreator$1.run(GUICreator.java:18)
	at simphony.util.ThreadUtilities$Runner.run(ThreadUtilities.java:33)
	at simphony.util.ThreadUtilities.runInEventThread(ThreadUtilities.java:47)
	at saf.core.ui.GUICreator.runDisplay(GUICreator.java:16)
	at repast.simphony.ui.RSUIPlugin$1.run(RSUIPlugin.java:104)
	at java.awt.event.InvocationEvent.dispatch(Unknown Source)
	at java.awt.EventQueue.dispatchEventImpl(Unknown Source)
	at java.awt.EventQueue.access$500(Unknown Source)
	at java.awt.EventQueue$3.run(Unknown Source)
	at java.awt.EventQueue$3.run(Unknown Source)
	at java.security.AccessController.doPrivileged(Native Method)
	at java.security.ProtectionDomain$1.doIntersectionPrivilege(Unknown Source)
	at java.awt.EventQueue.dispatchEvent(Unknown Source)
	at java.awt.EventDispatchThread.pumpOneEventForFilters(Unknown Source)
	at java.awt.EventDispatchThread.pumpEventsForFilter(Unknown Source)
	at java.awt.EventDispatchThread.pumpEventsForHierarchy(Unknown Source)
	at java.awt.EventDispatchThread.pumpEvents(Unknown Source)
	at java.awt.EventDispatchThread.pumpEvents(Unknown Source)
	at java.awt.EventDispatchThread.run(Unknown Source)
WARN  [AWT-EventQueue-0] 2015-04-01 17:55:29,383 repast.simphony.scenario.AbstractActionLoader - Error attempting to load file 'E:\Repast-Models\JZombies_Demo\JZombies_Demo.rs\repast.simphony.action.display_3.xml'. Not loading the action from that file.
java.io.FileNotFoundException: E:\Repast-Models\JZombies_Demo\JZombies_Demo.rs\repast.simphony.action.display_3.xml (The system cannot find the file specified)
	at java.io.FileInputStream.open0(Native Method)
	at java.io.FileInputStream.open(Unknown Source)
	at java.io.FileInputStream.<init>(Unknown Source)
	at java.io.FileReader.<init>(Unknown Source)
	at repast.simphony.scenario.AbstractActionLoader.loadAction(AbstractActionLoader.java:34)
	at repast.simphony.scenario.ScenarioFileLoader.createActions(ScenarioFileLoader.java:90)
	at repast.simphony.scenario.ScenarioFileLoader.load(ScenarioFileLoader.java:66)
	at repast.simphony.scenario.ScenarioLoader.load(ScenarioLoader.java:193)
	at repast.simphony.ui.RSApplication.open(RSApplication.java:359)
	at repast.simphony.ui.RSAppConfigurator.postWindowOpen(RSAppConfigurator.java:39)
	at saf.core.ui.GUICreatorDelegate.runDisplay(GUICreatorDelegate.java:188)
	at saf.core.ui.GUICreator$1.run(GUICreator.java:18)
	at simphony.util.ThreadUtilities$Runner.run(ThreadUtilities.java:33)
	at simphony.util.ThreadUtilities.runInEventThread(ThreadUtilities.java:47)
	at saf.core.ui.GUICreator.runDisplay(GUICreator.java:16)
	at repast.simphony.ui.RSUIPlugin$1.run(RSUIPlugin.java:104)
	at java.awt.event.InvocationEvent.dispatch(Unknown Source)
	at java.awt.EventQueue.dispatchEventImpl(Unknown Source)
	at java.awt.EventQueue.access$500(Unknown Source)
	at java.awt.EventQueue$3.run(Unknown Source)
	at java.awt.EventQueue$3.run(Unknown Source)
	at java.security.AccessController.doPrivileged(Native Method)
	at java.security.ProtectionDomain$1.doIntersectionPrivilege(Unknown Source)
	at java.awt.EventQueue.dispatchEvent(Unknown Source)
	at java.awt.EventDispatchThread.pumpOneEventForFilters(Unknown Source)
	at java.awt.EventDispatchThread.pumpEventsForFilter(Unknown Source)
	at java.awt.EventDispatchThread.pumpEventsForHierarchy(Unknown Source)
	at java.awt.EventDispatchThread.pumpEvents(Unknown Source)
	at java.awt.EventDispatchThread.pumpEvents(Unknown Source)
	at java.awt.EventDispatchThread.run(Unknown Source)
WARN  [AWT-EventQueue-0] 2015-04-01 17:55:29,383 repast.simphony.scenario.AbstractActionLoader - Error attempting to load file 'E:\Repast-Models\JZombies_Demo\JZombies_Demo.rs\repast.simphony.action.time_series_chart_4.xml'. Not loading the action from that file.
java.io.FileNotFoundException: E:\Repast-Models\JZombies_Demo\JZombies_Demo.rs\repast.simphony.action.time_series_chart_4.xml (The system cannot find the file specified)
	at java.io.FileInputStream.open0(Native Method)
	at java.io.FileInputStream.open(Unknown Source)
	at java.io.FileInputStream.<init>(Unknown Source)
	at java.io.FileReader.<init>(Unknown Source)
	at repast.simphony.scenario.AbstractActionLoader.loadAction(AbstractActionLoader.java:34)
	at repast.simphony.scenario.ScenarioFileLoader.createActions(ScenarioFileLoader.java:90)
	at repast.simphony.scenario.ScenarioFileLoader.load(ScenarioFileLoader.java:66)
	at repast.simphony.scenario.ScenarioLoader.load(ScenarioLoader.java:193)
	at repast.simphony.ui.RSApplication.open(RSApplication.java:359)
	at repast.simphony.ui.RSAppConfigurator.postWindowOpen(RSAppConfigurator.java:39)
	at saf.core.ui.GUICreatorDelegate.runDisplay(GUICreatorDelegate.java:188)
	at saf.core.ui.GUICreator$1.run(GUICreator.java:18)
	at simphony.util.ThreadUtilities$Runner.run(ThreadUtilities.java:33)
	at simphony.util.ThreadUtilities.runInEventThread(ThreadUtilities.java:47)
	at saf.core.ui.GUICreator.runDisplay(GUICreator.java:16)
	at repast.simphony.ui.RSUIPlugin$1.run(RSUIPlugin.java:104)
	at java.awt.event.InvocationEvent.dispatch(Unknown Source)
	at java.awt.EventQueue.dispatchEventImpl(Unknown Source)
	at java.awt.EventQueue.access$500(Unknown Source)
	at java.awt.EventQueue$3.run(Unknown Source)
	at java.awt.EventQueue$3.run(Unknown Source)
	at java.security.AccessController.doPrivileged(Native Method)
	at java.security.ProtectionDomain$1.doIntersectionPrivilege(Unknown Source)
	at java.awt.EventQueue.dispatchEvent(Unknown Source)
	at java.awt.EventDispatchThread.pumpOneEventForFilters(Unknown Source)
	at java.awt.EventDispatchThread.pumpEventsForFilter(Unknown Source)
	at java.awt.EventDispatchThread.pumpEventsForHierarchy(Unknown Source)
	at java.awt.EventDispatchThread.pumpEvents(Unknown Source)
	at java.awt.EventDispatchThread.pumpEvents(Unknown Source)
	at java.awt.EventDispatchThread.run(Unknown Source)
WARN  [AWT-EventQueue-0] 2015-04-01 17:56:32,850 repast.simphony.scenario.AbstractActionLoader - Error attempting to load file 'E:\Repast-Models\JZombies_Demo\JZombies_Demo.rs\repast.simphony.action.file_sink_2.xml'. Not loading the action from that file.
java.io.FileNotFoundException: E:\Repast-Models\JZombies_Demo\JZombies_Demo.rs\repast.simphony.action.file_sink_2.xml (The system cannot find the file specified)
	at java.io.FileInputStream.open0(Native Method)
	at java.io.FileInputStream.open(Unknown Source)
	at java.io.FileInputStream.<init>(Unknown Source)
	at java.io.FileReader.<init>(Unknown Source)
	at repast.simphony.scenario.AbstractActionLoader.loadAction(AbstractActionLoader.java:34)
	at repast.simphony.scenario.ScenarioFileLoader.createActions(ScenarioFileLoader.java:90)
	at repast.simphony.scenario.ScenarioFileLoader.load(ScenarioFileLoader.java:66)
	at repast.simphony.scenario.ScenarioLoader.load(ScenarioLoader.java:193)
	at repast.simphony.ui.RSApplication.open(RSApplication.java:359)
	at repast.simphony.ui.RSAppConfigurator.postWindowOpen(RSAppConfigurator.java:39)
	at saf.core.ui.GUICreatorDelegate.runDisplay(GUICreatorDelegate.java:188)
	at saf.core.ui.GUICreator$1.run(GUICreator.java:18)
	at simphony.util.ThreadUtilities$Runner.run(ThreadUtilities.java:33)
	at simphony.util.ThreadUtilities.runInEventThread(ThreadUtilities.java:47)
	at saf.core.ui.GUICreator.runDisplay(GUICreator.java:16)
	at repast.simphony.ui.RSUIPlugin$1.run(RSUIPlugin.java:104)
	at java.awt.event.InvocationEvent.dispatch(Unknown Source)
	at java.awt.EventQueue.dispatchEventImpl(Unknown Source)
	at java.awt.EventQueue.access$500(Unknown Source)
	at java.awt.EventQueue$3.run(Unknown Source)
	at java.awt.EventQueue$3.run(Unknown Source)
	at java.security.AccessController.doPrivileged(Native Method)
	at java.security.ProtectionDomain$1.doIntersectionPrivilege(Unknown Source)
	at java.awt.EventQueue.dispatchEvent(Unknown Source)
	at java.awt.EventDispatchThread.pumpOneEventForFilters(Unknown Source)
	at java.awt.EventDispatchThread.pumpEventsForFilter(Unknown Source)
	at java.awt.EventDispatchThread.pumpEventsForHierarchy(Unknown Source)
	at java.awt.EventDispatchThread.pumpEvents(Unknown Source)
	at java.awt.EventDispatchThread.pumpEvents(Unknown Source)
	at java.awt.EventDispatchThread.run(Unknown Source)
INFO  [AWT-EventQueue-0] 2016-03-31 11:03:38,273 repast.simphony.batch.gui.BatchConfigMediator - Writing batch run config file to: /Users/stevenyee/Documents/EconThesis/model1/JZombies_Demo/output/config.props
INFO  [AWT-EventQueue-0] 2016-03-31 11:03:38,841 repast.simphony.batch.gui.BatchConfigMediator - Unrolling batch parameter file:
	/Users/stevenyee/Documents/EconThesis/model1/JZombies_Demo/batch/batch_params.xml to
	/var/folders/x6/_7f3h4rd4vd7zw7ftj4rv93r0000gn/T/unrolledParamFile.txt
INFO  [AWT-EventQueue-0] 2016-03-31 11:04:37,985 repast.simphony.batch.gui.BatchConfigMediator - Writing batch run config file to: /Users/stevenyee/Documents/EconThesis/model1/JZombies_Demo/output/config.props
INFO  [AWT-EventQueue-0] 2016-03-31 11:04:37,991 repast.simphony.batch.gui.BatchConfigMediator - Unrolling batch parameter file:
	/Users/stevenyee/Documents/EconThesis/model1/JZombies_Demo/batch/batch_params.xml to
	/var/folders/x6/_7f3h4rd4vd7zw7ftj4rv93r0000gn/T/unrolledParamFile.txt
INFO  [SwingWorker-pool-1-thread-2] 2016-03-31 11:04:52,148 repast.simphony.batch.ssh.LocalSession - 
	Copying locally /var/folders/x6/_7f3h4rd4vd7zw7ftj4rv93r0000gn/T/stevenyee_localhost648086406973439115.zip to 
/var/folders/x6/_7f3h4rd4vd7zw7ftj4rv93r0000gn/T/simphony_model_1459436687529 ...
INFO  [SwingWorker-pool-1-thread-2] 2016-03-31 11:04:52,635 repast.simphony.batch.ssh.LocalSession - Copying Finished.
INFO  [SwingWorker-pool-1-thread-2] 2016-03-31 11:04:52,665 repast.simphony.batch.ssh.SessionsDriver - Initialization Time: 0.0851
INFO  [SwingWorker-pool-1-thread-2] 2016-03-31 11:04:52,689 repast.simphony.batch.ssh.LocalSession - Unzipping model /var/folders/x6/_7f3h4rd4vd7zw7ftj4rv93r0000gn/T/simphony_model_1459436687529/stevenyee_localhost648086406973439115.zip
INFO  [SwingWorker-pool-1-thread-2] 2016-03-31 11:04:53,548 repast.simphony.batch.ssh.LocalSession - Running model on localhost ...
INFO  [pool-2-thread-1] 2016-03-31 11:05:53,570 repast.simphony.batch.ssh.LocalDonePoller - Polled /var/folders/x6/_7f3h4rd4vd7zw7ftj4rv93r0000gn/T/simphony_model_1459436687529 for DONE:  yes
INFO  [SwingWorker-pool-1-thread-2] 2016-03-31 11:05:53,571 repast.simphony.batch.ssh.SessionsDriver - Run Time: 1.0147
INFO  [SwingWorker-pool-1-thread-2] 2016-03-31 11:05:53,612 repast.simphony.batch.ssh.LocalSession - Finding output on localhost in /var/folders/x6/_7f3h4rd4vd7zw7ftj4rv93r0000gn/T/simphony_model_1459436687529
INFO  [SwingWorker-pool-1-thread-2] 2016-03-31 11:05:53,637 repast.simphony.batch.ssh.SessionsDriver - Aggregating output into /Users/stevenyee/Documents/EconThesis/model1/JZombies_Demo/output
INFO  [SwingWorker-pool-1-thread-2] 2016-03-31 11:05:53,638 repast.simphony.batch.ssh.SessionsDriver - Get Output Time: 0.0011
INFO  [SwingWorker-pool-1-thread-2] 2016-03-31 11:05:53,638 repast.simphony.batch.ssh.SessionsDriver - Finished. Elapsed Time: 1.1024
INFO  [AWT-EventQueue-0] 2016-03-31 11:11:12,730 repast.simphony.batch.gui.BatchConfigMediator - Writing batch run config file to: /Users/stevenyee/Documents/EconThesis/model1/JZombies_Demo/output/config.props
INFO  [AWT-EventQueue-0] 2016-03-31 11:11:12,734 repast.simphony.batch.gui.BatchConfigMediator - Unrolling batch parameter file:
	/Users/stevenyee/Documents/EconThesis/model1/JZombies_Demo/batch/batch_params.xml to
	/var/folders/x6/_7f3h4rd4vd7zw7ftj4rv93r0000gn/T/unrolledParamFile.txt
INFO  [AWT-EventQueue-0] 2016-03-31 11:11:28,653 repast.simphony.batch.gui.BatchConfigMediator - Writing batch run config file to: /Users/stevenyee/Documents/EconThesis/model1/JZombies_Demo/output/config.props
INFO  [AWT-EventQueue-0] 2016-03-31 11:11:28,656 repast.simphony.batch.gui.BatchConfigMediator - Unrolling batch parameter file:
	/Users/stevenyee/Documents/EconThesis/model1/JZombies_Demo/batch/batch_params.xml to
	/var/folders/x6/_7f3h4rd4vd7zw7ftj4rv93r0000gn/T/unrolledParamFile.txt
INFO  [SwingWorker-pool-1-thread-4] 2016-03-31 11:11:41,914 repast.simphony.batch.ssh.LocalSession - 
	Copying locally /var/folders/x6/_7f3h4rd4vd7zw7ftj4rv93r0000gn/T/stevenyee_localhost175928732610269355.zip to 
/var/folders/x6/_7f3h4rd4vd7zw7ftj4rv93r0000gn/T/simphony_model_1459437097551 ...
INFO  [SwingWorker-pool-1-thread-4] 2016-03-31 11:11:42,512 repast.simphony.batch.ssh.LocalSession - Copying Finished.
INFO  [SwingWorker-pool-1-thread-4] 2016-03-31 11:11:42,513 repast.simphony.batch.ssh.SessionsDriver - Initialization Time: 0.0827
INFO  [SwingWorker-pool-1-thread-4] 2016-03-31 11:11:42,513 repast.simphony.batch.ssh.LocalSession - Unzipping model /var/folders/x6/_7f3h4rd4vd7zw7ftj4rv93r0000gn/T/simphony_model_1459437097551/stevenyee_localhost175928732610269355.zip
INFO  [SwingWorker-pool-1-thread-4] 2016-03-31 11:11:43,321 repast.simphony.batch.ssh.LocalSession - Running model on localhost ...
INFO  [pool-3-thread-1] 2016-03-31 11:12:43,322 repast.simphony.batch.ssh.LocalDonePoller - Polled /var/folders/x6/_7f3h4rd4vd7zw7ftj4rv93r0000gn/T/simphony_model_1459437097551 for DONE:  yes
INFO  [SwingWorker-pool-1-thread-4] 2016-03-31 11:12:43,323 repast.simphony.batch.ssh.SessionsDriver - Run Time: 1.0135
INFO  [SwingWorker-pool-1-thread-4] 2016-03-31 11:12:43,328 repast.simphony.batch.ssh.LocalSession - Finding output on localhost in /var/folders/x6/_7f3h4rd4vd7zw7ftj4rv93r0000gn/T/simphony_model_1459437097551
INFO  [SwingWorker-pool-1-thread-4] 2016-03-31 11:12:43,329 repast.simphony.batch.ssh.SessionsDriver - Aggregating output into /Users/stevenyee/Documents/EconThesis/model1/JZombies_Demo/output
INFO  [SwingWorker-pool-1-thread-4] 2016-03-31 11:12:43,330 repast.simphony.batch.ssh.SessionsDriver - Get Output Time: 0.0001
INFO  [SwingWorker-pool-1-thread-4] 2016-03-31 11:12:43,330 repast.simphony.batch.ssh.SessionsDriver - Finished. Elapsed Time: 1.0967
INFO  [AWT-EventQueue-0] 2016-03-31 11:16:08,601 repast.simphony.batch.gui.BatchConfigMediator - Writing batch run config file to: /Users/stevenyee/Documents/EconThesis/model1/JZombies_Demo/output/config.props
INFO  [AWT-EventQueue-0] 2016-03-31 11:16:08,870 repast.simphony.batch.gui.BatchConfigMediator - Unrolling batch parameter file:
	/Users/stevenyee/Documents/EconThesis/model1/JZombies_Demo/batch/batch_params.xml to
	/var/folders/x6/_7f3h4rd4vd7zw7ftj4rv93r0000gn/T/unrolledParamFile.txt
INFO  [SwingWorker-pool-1-thread-1] 2016-03-31 11:16:25,632 repast.simphony.batch.ssh.LocalSession - 
	Copying locally /var/folders/x6/_7f3h4rd4vd7zw7ftj4rv93r0000gn/T/stevenyee_localhost1088120037137306621.zip to 
/var/folders/x6/_7f3h4rd4vd7zw7ftj4rv93r0000gn/T/simphony_model_1459437381261 ...
INFO  [SwingWorker-pool-1-thread-1] 2016-03-31 11:16:26,300 repast.simphony.batch.ssh.LocalSession - Copying Finished.
INFO  [SwingWorker-pool-1-thread-1] 2016-03-31 11:16:26,320 repast.simphony.batch.ssh.SessionsDriver - Initialization Time: 0.0840
INFO  [SwingWorker-pool-1-thread-1] 2016-03-31 11:16:26,336 repast.simphony.batch.ssh.LocalSession - Unzipping model /var/folders/x6/_7f3h4rd4vd7zw7ftj4rv93r0000gn/T/simphony_model_1459437381261/stevenyee_localhost1088120037137306621.zip
INFO  [SwingWorker-pool-1-thread-1] 2016-03-31 11:16:27,248 repast.simphony.batch.ssh.LocalSession - Running model on localhost ...
INFO  [pool-2-thread-1] 2016-03-31 11:17:27,256 repast.simphony.batch.ssh.LocalDonePoller - Polled /var/folders/x6/_7f3h4rd4vd7zw7ftj4rv93r0000gn/T/simphony_model_1459437381261 for DONE:  yes
INFO  [SwingWorker-pool-1-thread-1] 2016-03-31 11:17:27,258 repast.simphony.batch.ssh.SessionsDriver - Run Time: 1.0154
INFO  [SwingWorker-pool-1-thread-1] 2016-03-31 11:17:27,314 repast.simphony.batch.ssh.LocalSession - Finding output on localhost in /var/folders/x6/_7f3h4rd4vd7zw7ftj4rv93r0000gn/T/simphony_model_1459437381261
INFO  [SwingWorker-pool-1-thread-1] 2016-03-31 11:17:27,360 repast.simphony.batch.ssh.SessionsDriver - Aggregating output into /Users/stevenyee/Documents/EconThesis/model1/JZombies_Demo/output
INFO  [SwingWorker-pool-1-thread-1] 2016-03-31 11:17:27,377 repast.simphony.batch.ssh.SessionsDriver - Get Output Time: 0.0020
INFO  [SwingWorker-pool-1-thread-1] 2016-03-31 11:17:27,377 repast.simphony.batch.ssh.SessionsDriver - Finished. Elapsed Time: 1.1023
