2014-05-13 18:11:23,342 - SimpleLog4JLogSystem initialized using logfile 'velocity.log'
2014-05-13 18:11:23,342 - ************************************************************** 
2014-05-13 18:11:23,342 - Starting Jakarta Velocity v1.4
2014-05-13 18:11:23,342 - RuntimeInstance initializing.
2014-05-13 18:11:23,342 - Default Properties File: org\apache\velocity\runtime\defaults\velocity.properties
2014-05-13 18:11:23,342 - Trying to use logger class org.apache.velocity.runtime.log.SimpleLog4JLogSystem
2014-05-13 18:11:23,342 - Using logger class org.apache.velocity.runtime.log.SimpleLog4JLogSystem
2014-05-13 18:11:23,342 - Default ResourceManager initializing. (class org.apache.velocity.runtime.resource.ResourceManagerImpl)
2014-05-13 18:11:23,342 - Resource Loader Instantiated: org.apache.velocity.runtime.resource.loader.ClasspathResourceLoader
2014-05-13 18:11:23,342 - ClasspathResourceLoader : initialization starting.
2014-05-13 18:11:23,342 - ClasspathResourceLoader : initialization complete.
2014-05-13 18:11:23,358 - ResourceCache : initialized. (class org.apache.velocity.runtime.resource.ResourceCacheImpl)
2014-05-13 18:11:23,358 - Default ResourceManager initialization complete.
2014-05-13 18:11:23,358 - Loaded System Directive: org.apache.velocity.runtime.directive.Literal
2014-05-13 18:11:23,358 - Loaded System Directive: org.apache.velocity.runtime.directive.Macro
2014-05-13 18:11:23,358 - Loaded System Directive: org.apache.velocity.runtime.directive.Parse
2014-05-13 18:11:23,358 - Loaded System Directive: org.apache.velocity.runtime.directive.Include
2014-05-13 18:11:23,358 - Loaded System Directive: org.apache.velocity.runtime.directive.Foreach
2014-05-13 18:11:23,389 - Created: 20 parsers.
2014-05-13 18:11:23,405 - Velocimacro : initialization starting.
2014-05-13 18:11:23,405 - Velocimacro : adding VMs from VM library template : VM_global_library.vm
2014-05-13 18:11:23,405 - ResourceManager : unable to find resource 'VM_global_library.vm' in any resource loader.
2014-05-13 18:11:23,405 - Velocimacro : error using  VM library template VM_global_library.vm : org.apache.velocity.exception.ResourceNotFoundException: Unable to find resource 'VM_global_library.vm'
2014-05-13 18:11:23,405 - Velocimacro :  VM library template macro registration complete.
2014-05-13 18:11:23,405 - Velocimacro : allowInline = true : VMs can be defined inline in templates
2014-05-13 18:11:23,405 - Velocimacro : allowInlineToOverride = false : VMs defined inline may NOT replace previous VM definitions
2014-05-13 18:11:23,405 - Velocimacro : allowInlineLocal = false : VMs defined inline will be  global in scope if allowed.
2014-05-13 18:11:23,405 - Velocimacro : messages on  : VM system will output logging messages
2014-05-13 18:11:23,405 - Velocimacro : autoload off  : VM system will not automatically reload global library macros
2014-05-13 18:11:23,405 - Velocimacro : initialization complete.
2014-05-13 18:11:23,405 - Velocity successfully started.
2014-05-13 18:11:32,546 - ResourceManager : found repast/simphony/scenario/Scenario.vt with loader org.apache.velocity.runtime.resource.loader.ClasspathResourceLoader
2015-04-01 17:53:06,008 - SimpleLog4JLogSystem initialized using logfile 'velocity.log'
2015-04-01 17:53:06,024 - ************************************************************** 
2015-04-01 17:53:06,024 - Starting Jakarta Velocity v1.4
2015-04-01 17:53:06,024 - RuntimeInstance initializing.
2015-04-01 17:53:06,024 - Default Properties File: org\apache\velocity\runtime\defaults\velocity.properties
2015-04-01 17:53:06,024 - Trying to use logger class org.apache.velocity.runtime.log.SimpleLog4JLogSystem
2015-04-01 17:53:06,024 - Using logger class org.apache.velocity.runtime.log.SimpleLog4JLogSystem
2015-04-01 17:53:06,039 - Default ResourceManager initializing. (class org.apache.velocity.runtime.resource.ResourceManagerImpl)
2015-04-01 17:53:06,039 - Resource Loader Instantiated: org.apache.velocity.runtime.resource.loader.ClasspathResourceLoader
2015-04-01 17:53:06,039 - ClasspathResourceLoader : initialization starting.
2015-04-01 17:53:06,039 - ClasspathResourceLoader : initialization complete.
2015-04-01 17:53:06,039 - ResourceCache : initialized. (class org.apache.velocity.runtime.resource.ResourceCacheImpl)
2015-04-01 17:53:06,039 - Default ResourceManager initialization complete.
2015-04-01 17:53:06,055 - Loaded System Directive: org.apache.velocity.runtime.directive.Literal
2015-04-01 17:53:06,055 - Loaded System Directive: org.apache.velocity.runtime.directive.Macro
2015-04-01 17:53:06,055 - Loaded System Directive: org.apache.velocity.runtime.directive.Parse
2015-04-01 17:53:06,070 - Loaded System Directive: org.apache.velocity.runtime.directive.Include
2015-04-01 17:53:06,070 - Loaded System Directive: org.apache.velocity.runtime.directive.Foreach
2015-04-01 17:53:06,086 - Created: 20 parsers.
2015-04-01 17:53:06,117 - Velocimacro : initialization starting.
2015-04-01 17:53:06,117 - Velocimacro : adding VMs from VM library template : VM_global_library.vm
2015-04-01 17:53:06,133 - ResourceManager : unable to find resource 'VM_global_library.vm' in any resource loader.
2015-04-01 17:53:06,133 - Velocimacro : error using  VM library template VM_global_library.vm : org.apache.velocity.exception.ResourceNotFoundException: Unable to find resource 'VM_global_library.vm'
2015-04-01 17:53:06,133 - Velocimacro :  VM library template macro registration complete.
2015-04-01 17:53:06,133 - Velocimacro : allowInline = true : VMs can be defined inline in templates
2015-04-01 17:53:06,133 - Velocimacro : allowInlineToOverride = false : VMs defined inline may NOT replace previous VM definitions
2015-04-01 17:53:06,133 - Velocimacro : allowInlineLocal = false : VMs defined inline will be  global in scope if allowed.
2015-04-01 17:53:06,133 - Velocimacro : messages on  : VM system will output logging messages
2015-04-01 17:53:06,133 - Velocimacro : autoload off  : VM system will not automatically reload global library macros
2015-04-01 17:53:06,133 - Velocimacro : initialization complete.
2015-04-01 17:53:06,133 - Velocity successfully started.
2015-04-01 17:54:17,664 - SimpleLog4JLogSystem initialized using logfile 'velocity.log'
2015-04-01 17:54:17,664 - ************************************************************** 
2015-04-01 17:54:17,664 - Starting Jakarta Velocity v1.4
2015-04-01 17:54:17,664 - RuntimeInstance initializing.
2015-04-01 17:54:17,664 - Default Properties File: org\apache\velocity\runtime\defaults\velocity.properties
2015-04-01 17:54:17,664 - Trying to use logger class org.apache.velocity.runtime.log.SimpleLog4JLogSystem
2015-04-01 17:54:17,664 - Using logger class org.apache.velocity.runtime.log.SimpleLog4JLogSystem
2015-04-01 17:54:17,664 - Default ResourceManager initializing. (class org.apache.velocity.runtime.resource.ResourceManagerImpl)
2015-04-01 17:54:17,664 - Resource Loader Instantiated: org.apache.velocity.runtime.resource.loader.ClasspathResourceLoader
2015-04-01 17:54:17,664 - ClasspathResourceLoader : initialization starting.
2015-04-01 17:54:17,664 - ClasspathResourceLoader : initialization complete.
2015-04-01 17:54:17,680 - ResourceCache : initialized. (class org.apache.velocity.runtime.resource.ResourceCacheImpl)
2015-04-01 17:54:17,680 - Default ResourceManager initialization complete.
2015-04-01 17:54:17,680 - Loaded System Directive: org.apache.velocity.runtime.directive.Literal
2015-04-01 17:54:17,680 - Loaded System Directive: org.apache.velocity.runtime.directive.Macro
2015-04-01 17:54:17,680 - Loaded System Directive: org.apache.velocity.runtime.directive.Parse
2015-04-01 17:54:17,680 - Loaded System Directive: org.apache.velocity.runtime.directive.Include
2015-04-01 17:54:17,680 - Loaded System Directive: org.apache.velocity.runtime.directive.Foreach
2015-04-01 17:54:17,726 - Created: 20 parsers.
2015-04-01 17:54:17,742 - Velocimacro : initialization starting.
2015-04-01 17:54:17,742 - Velocimacro : adding VMs from VM library template : VM_global_library.vm
2015-04-01 17:54:17,758 - ResourceManager : unable to find resource 'VM_global_library.vm' in any resource loader.
2015-04-01 17:54:17,758 - Velocimacro : error using  VM library template VM_global_library.vm : org.apache.velocity.exception.ResourceNotFoundException: Unable to find resource 'VM_global_library.vm'
2015-04-01 17:54:17,758 - Velocimacro :  VM library template macro registration complete.
2015-04-01 17:54:17,758 - Velocimacro : allowInline = true : VMs can be defined inline in templates
2015-04-01 17:54:17,758 - Velocimacro : allowInlineToOverride = false : VMs defined inline may NOT replace previous VM definitions
2015-04-01 17:54:17,758 - Velocimacro : allowInlineLocal = false : VMs defined inline will be  global in scope if allowed.
2015-04-01 17:54:17,758 - Velocimacro : messages on  : VM system will output logging messages
2015-04-01 17:54:17,758 - Velocimacro : autoload off  : VM system will not automatically reload global library macros
2015-04-01 17:54:17,758 - Velocimacro : initialization complete.
2015-04-01 17:54:17,758 - Velocity successfully started.
2015-04-01 17:55:26,201 - SimpleLog4JLogSystem initialized using logfile 'velocity.log'
2015-04-01 17:55:26,201 - ************************************************************** 
2015-04-01 17:55:26,201 - Starting Jakarta Velocity v1.4
2015-04-01 17:55:26,201 - RuntimeInstance initializing.
2015-04-01 17:55:26,201 - Default Properties File: org\apache\velocity\runtime\defaults\velocity.properties
2015-04-01 17:55:26,201 - Trying to use logger class org.apache.velocity.runtime.log.SimpleLog4JLogSystem
2015-04-01 17:55:26,201 - Using logger class org.apache.velocity.runtime.log.SimpleLog4JLogSystem
2015-04-01 17:55:26,216 - Default ResourceManager initializing. (class org.apache.velocity.runtime.resource.ResourceManagerImpl)
2015-04-01 17:55:26,216 - Resource Loader Instantiated: org.apache.velocity.runtime.resource.loader.ClasspathResourceLoader
2015-04-01 17:55:26,216 - ClasspathResourceLoader : initialization starting.
2015-04-01 17:55:26,216 - ClasspathResourceLoader : initialization complete.
2015-04-01 17:55:26,216 - ResourceCache : initialized. (class org.apache.velocity.runtime.resource.ResourceCacheImpl)
2015-04-01 17:55:26,216 - Default ResourceManager initialization complete.
2015-04-01 17:55:26,216 - Loaded System Directive: org.apache.velocity.runtime.directive.Literal
2015-04-01 17:55:26,216 - Loaded System Directive: org.apache.velocity.runtime.directive.Macro
2015-04-01 17:55:26,216 - Loaded System Directive: org.apache.velocity.runtime.directive.Parse
2015-04-01 17:55:26,232 - Loaded System Directive: org.apache.velocity.runtime.directive.Include
2015-04-01 17:55:26,232 - Loaded System Directive: org.apache.velocity.runtime.directive.Foreach
2015-04-01 17:55:26,263 - Created: 20 parsers.
2015-04-01 17:55:26,263 - Velocimacro : initialization starting.
2015-04-01 17:55:26,263 - Velocimacro : adding VMs from VM library template : VM_global_library.vm
2015-04-01 17:55:26,279 - ResourceManager : unable to find resource 'VM_global_library.vm' in any resource loader.
2015-04-01 17:55:26,279 - Velocimacro : error using  VM library template VM_global_library.vm : org.apache.velocity.exception.ResourceNotFoundException: Unable to find resource 'VM_global_library.vm'
2015-04-01 17:55:26,279 - Velocimacro :  VM library template macro registration complete.
2015-04-01 17:55:26,279 - Velocimacro : allowInline = true : VMs can be defined inline in templates
2015-04-01 17:55:26,279 - Velocimacro : allowInlineToOverride = false : VMs defined inline may NOT replace previous VM definitions
2015-04-01 17:55:26,279 - Velocimacro : allowInlineLocal = false : VMs defined inline will be  global in scope if allowed.
2015-04-01 17:55:26,279 - Velocimacro : messages on  : VM system will output logging messages
2015-04-01 17:55:26,279 - Velocimacro : autoload off  : VM system will not automatically reload global library macros
2015-04-01 17:55:26,279 - Velocimacro : initialization complete.
2015-04-01 17:55:26,279 - Velocity successfully started.
2015-04-01 17:56:29,746 - SimpleLog4JLogSystem initialized using logfile 'velocity.log'
2015-04-01 17:56:29,746 - ************************************************************** 
2015-04-01 17:56:29,746 - Starting Jakarta Velocity v1.4
2015-04-01 17:56:29,746 - RuntimeInstance initializing.
2015-04-01 17:56:29,746 - Default Properties File: org\apache\velocity\runtime\defaults\velocity.properties
2015-04-01 17:56:29,746 - Trying to use logger class org.apache.velocity.runtime.log.SimpleLog4JLogSystem
2015-04-01 17:56:29,746 - Using logger class org.apache.velocity.runtime.log.SimpleLog4JLogSystem
2015-04-01 17:56:29,746 - Default ResourceManager initializing. (class org.apache.velocity.runtime.resource.ResourceManagerImpl)
2015-04-01 17:56:29,746 - Resource Loader Instantiated: org.apache.velocity.runtime.resource.loader.ClasspathResourceLoader
2015-04-01 17:56:29,746 - ClasspathResourceLoader : initialization starting.
2015-04-01 17:56:29,746 - ClasspathResourceLoader : initialization complete.
2015-04-01 17:56:29,746 - ResourceCache : initialized. (class org.apache.velocity.runtime.resource.ResourceCacheImpl)
2015-04-01 17:56:29,746 - Default ResourceManager initialization complete.
2015-04-01 17:56:29,761 - Loaded System Directive: org.apache.velocity.runtime.directive.Literal
2015-04-01 17:56:29,761 - Loaded System Directive: org.apache.velocity.runtime.directive.Macro
2015-04-01 17:56:29,761 - Loaded System Directive: org.apache.velocity.runtime.directive.Parse
2015-04-01 17:56:29,761 - Loaded System Directive: org.apache.velocity.runtime.directive.Include
2015-04-01 17:56:29,761 - Loaded System Directive: org.apache.velocity.runtime.directive.Foreach
2015-04-01 17:56:29,793 - Created: 20 parsers.
2015-04-01 17:56:29,808 - Velocimacro : initialization starting.
2015-04-01 17:56:29,808 - Velocimacro : adding VMs from VM library template : VM_global_library.vm
2015-04-01 17:56:29,808 - ResourceManager : unable to find resource 'VM_global_library.vm' in any resource loader.
2015-04-01 17:56:29,808 - Velocimacro : error using  VM library template VM_global_library.vm : org.apache.velocity.exception.ResourceNotFoundException: Unable to find resource 'VM_global_library.vm'
2015-04-01 17:56:29,808 - Velocimacro :  VM library template macro registration complete.
2015-04-01 17:56:29,808 - Velocimacro : allowInline = true : VMs can be defined inline in templates
2015-04-01 17:56:29,808 - Velocimacro : allowInlineToOverride = false : VMs defined inline may NOT replace previous VM definitions
2015-04-01 17:56:29,808 - Velocimacro : allowInlineLocal = false : VMs defined inline will be  global in scope if allowed.
2015-04-01 17:56:29,808 - Velocimacro : messages on  : VM system will output logging messages
2015-04-01 17:56:29,808 - Velocimacro : autoload off  : VM system will not automatically reload global library macros
2015-04-01 17:56:29,808 - Velocimacro : initialization complete.
2015-04-01 17:56:29,808 - Velocity successfully started.
2015-04-01 17:56:52,186 - SimpleLog4JLogSystem initialized using logfile 'velocity.log'
2015-04-01 17:56:52,186 - ************************************************************** 
2015-04-01 17:56:52,186 - Starting Jakarta Velocity v1.4
2015-04-01 17:56:52,186 - RuntimeInstance initializing.
2015-04-01 17:56:52,186 - Default Properties File: org\apache\velocity\runtime\defaults\velocity.properties
2015-04-01 17:56:52,186 - Trying to use logger class org.apache.velocity.runtime.log.SimpleLog4JLogSystem
2015-04-01 17:56:52,186 - Using logger class org.apache.velocity.runtime.log.SimpleLog4JLogSystem
2015-04-01 17:56:52,186 - Default ResourceManager initializing. (class org.apache.velocity.runtime.resource.ResourceManagerImpl)
2015-04-01 17:56:52,201 - Resource Loader Instantiated: org.apache.velocity.runtime.resource.loader.ClasspathResourceLoader
2015-04-01 17:56:52,201 - ClasspathResourceLoader : initialization starting.
2015-04-01 17:56:52,201 - ClasspathResourceLoader : initialization complete.
2015-04-01 17:56:52,201 - ResourceCache : initialized. (class org.apache.velocity.runtime.resource.ResourceCacheImpl)
2015-04-01 17:56:52,201 - Default ResourceManager initialization complete.
2015-04-01 17:56:52,201 - Loaded System Directive: org.apache.velocity.runtime.directive.Literal
2015-04-01 17:56:52,201 - Loaded System Directive: org.apache.velocity.runtime.directive.Macro
2015-04-01 17:56:52,201 - Loaded System Directive: org.apache.velocity.runtime.directive.Parse
2015-04-01 17:56:52,217 - Loaded System Directive: org.apache.velocity.runtime.directive.Include
2015-04-01 17:56:52,217 - Loaded System Directive: org.apache.velocity.runtime.directive.Foreach
2015-04-01 17:56:52,248 - Created: 20 parsers.
2015-04-01 17:56:52,248 - Velocimacro : initialization starting.
2015-04-01 17:56:52,248 - Velocimacro : adding VMs from VM library template : VM_global_library.vm
2015-04-01 17:56:52,264 - ResourceManager : unable to find resource 'VM_global_library.vm' in any resource loader.
2015-04-01 17:56:52,264 - Velocimacro : error using  VM library template VM_global_library.vm : org.apache.velocity.exception.ResourceNotFoundException: Unable to find resource 'VM_global_library.vm'
2015-04-01 17:56:52,264 - Velocimacro :  VM library template macro registration complete.
2015-04-01 17:56:52,264 - Velocimacro : allowInline = true : VMs can be defined inline in templates
2015-04-01 17:56:52,264 - Velocimacro : allowInlineToOverride = false : VMs defined inline may NOT replace previous VM definitions
2015-04-01 17:56:52,264 - Velocimacro : allowInlineLocal = false : VMs defined inline will be  global in scope if allowed.
2015-04-01 17:56:52,264 - Velocimacro : messages on  : VM system will output logging messages
2015-04-01 17:56:52,264 - Velocimacro : autoload off  : VM system will not automatically reload global library macros
2015-04-01 17:56:52,264 - Velocimacro : initialization complete.
2015-04-01 17:56:52,264 - Velocity successfully started.
2016-03-31 10:51:51,642 - SimpleLog4JLogSystem initialized using logfile 'velocity.log'
2016-03-31 10:51:51,643 - ************************************************************** 
2016-03-31 10:51:51,643 - Starting Jakarta Velocity v1.4
2016-03-31 10:51:51,643 - RuntimeInstance initializing.
2016-03-31 10:51:51,643 - Default Properties File: org/apache/velocity/runtime/defaults/velocity.properties
2016-03-31 10:51:51,643 - Trying to use logger class org.apache.velocity.runtime.log.SimpleLog4JLogSystem
2016-03-31 10:51:51,643 - Using logger class org.apache.velocity.runtime.log.SimpleLog4JLogSystem
2016-03-31 10:51:51,661 - Default ResourceManager initializing. (class org.apache.velocity.runtime.resource.ResourceManagerImpl)
2016-03-31 10:51:51,671 - Resource Loader Instantiated: org.apache.velocity.runtime.resource.loader.ClasspathResourceLoader
2016-03-31 10:51:51,672 - ClasspathResourceLoader : initialization starting.
2016-03-31 10:51:51,672 - ClasspathResourceLoader : initialization complete.
2016-03-31 10:51:51,678 - ResourceCache : initialized. (class org.apache.velocity.runtime.resource.ResourceCacheImpl)
2016-03-31 10:51:51,678 - Default ResourceManager initialization complete.
2016-03-31 10:51:51,683 - Loaded System Directive: org.apache.velocity.runtime.directive.Literal
2016-03-31 10:51:51,692 - Loaded System Directive: org.apache.velocity.runtime.directive.Macro
2016-03-31 10:51:51,707 - Loaded System Directive: org.apache.velocity.runtime.directive.Parse
2016-03-31 10:51:51,717 - Loaded System Directive: org.apache.velocity.runtime.directive.Include
2016-03-31 10:51:51,723 - Loaded System Directive: org.apache.velocity.runtime.directive.Foreach
2016-03-31 10:51:51,810 - Created: 20 parsers.
2016-03-31 10:51:51,839 - Velocimacro : initialization starting.
2016-03-31 10:51:51,839 - Velocimacro : adding VMs from VM library template : VM_global_library.vm
2016-03-31 10:51:51,853 - ResourceManager : unable to find resource 'VM_global_library.vm' in any resource loader.
2016-03-31 10:51:51,853 - Velocimacro : error using  VM library template VM_global_library.vm : org.apache.velocity.exception.ResourceNotFoundException: Unable to find resource 'VM_global_library.vm'
2016-03-31 10:51:51,853 - Velocimacro :  VM library template macro registration complete.
2016-03-31 10:51:51,853 - Velocimacro : allowInline = true : VMs can be defined inline in templates
2016-03-31 10:51:51,853 - Velocimacro : allowInlineToOverride = false : VMs defined inline may NOT replace previous VM definitions
2016-03-31 10:51:51,853 - Velocimacro : allowInlineLocal = false : VMs defined inline will be  global in scope if allowed.
2016-03-31 10:51:51,853 - Velocimacro : messages on  : VM system will output logging messages
2016-03-31 10:51:51,853 - Velocimacro : autoload off  : VM system will not automatically reload global library macros
2016-03-31 10:51:51,853 - Velocimacro : initialization complete.
2016-03-31 10:51:51,853 - Velocity successfully started.
2016-03-31 11:14:18,235 - ResourceManager : found repast/simphony/scenario/Scenario.vt with loader org.apache.velocity.runtime.resource.loader.ClasspathResourceLoader
2016-03-31 11:14:18,802 - ResourceManager : found repast/simphony/scenario/Scenario.vt with loader org.apache.velocity.runtime.resource.loader.ClasspathResourceLoader
2016-03-31 11:14:48,026 - ResourceManager : found repast/simphony/scenario/Scenario.vt with loader org.apache.velocity.runtime.resource.loader.ClasspathResourceLoader
2016-03-31 11:15:33,102 - SimpleLog4JLogSystem initialized using logfile 'velocity.log'
2016-03-31 11:15:33,103 - ************************************************************** 
2016-03-31 11:15:33,103 - Starting Jakarta Velocity v1.4
2016-03-31 11:15:33,103 - RuntimeInstance initializing.
2016-03-31 11:15:33,103 - Default Properties File: org/apache/velocity/runtime/defaults/velocity.properties
2016-03-31 11:15:33,103 - Trying to use logger class org.apache.velocity.runtime.log.SimpleLog4JLogSystem
2016-03-31 11:15:33,103 - Using logger class org.apache.velocity.runtime.log.SimpleLog4JLogSystem
2016-03-31 11:15:33,113 - Default ResourceManager initializing. (class org.apache.velocity.runtime.resource.ResourceManagerImpl)
2016-03-31 11:15:33,124 - Resource Loader Instantiated: org.apache.velocity.runtime.resource.loader.ClasspathResourceLoader
2016-03-31 11:15:33,124 - ClasspathResourceLoader : initialization starting.
2016-03-31 11:15:33,124 - ClasspathResourceLoader : initialization complete.
2016-03-31 11:15:33,132 - ResourceCache : initialized. (class org.apache.velocity.runtime.resource.ResourceCacheImpl)
2016-03-31 11:15:33,133 - Default ResourceManager initialization complete.
2016-03-31 11:15:33,141 - Loaded System Directive: org.apache.velocity.runtime.directive.Literal
2016-03-31 11:15:33,149 - Loaded System Directive: org.apache.velocity.runtime.directive.Macro
2016-03-31 11:15:33,157 - Loaded System Directive: org.apache.velocity.runtime.directive.Parse
2016-03-31 11:15:33,165 - Loaded System Directive: org.apache.velocity.runtime.directive.Include
2016-03-31 11:15:33,170 - Loaded System Directive: org.apache.velocity.runtime.directive.Foreach
2016-03-31 11:15:33,252 - Created: 20 parsers.
2016-03-31 11:15:33,287 - Velocimacro : initialization starting.
2016-03-31 11:15:33,287 - Velocimacro : adding VMs from VM library template : VM_global_library.vm
2016-03-31 11:15:33,303 - ResourceManager : unable to find resource 'VM_global_library.vm' in any resource loader.
2016-03-31 11:15:33,303 - Velocimacro : error using  VM library template VM_global_library.vm : org.apache.velocity.exception.ResourceNotFoundException: Unable to find resource 'VM_global_library.vm'
2016-03-31 11:15:33,303 - Velocimacro :  VM library template macro registration complete.
2016-03-31 11:15:33,303 - Velocimacro : allowInline = true : VMs can be defined inline in templates
2016-03-31 11:15:33,303 - Velocimacro : allowInlineToOverride = false : VMs defined inline may NOT replace previous VM definitions
2016-03-31 11:15:33,303 - Velocimacro : allowInlineLocal = false : VMs defined inline will be  global in scope if allowed.
2016-03-31 11:15:33,303 - Velocimacro : messages on  : VM system will output logging messages
2016-03-31 11:15:33,303 - Velocimacro : autoload off  : VM system will not automatically reload global library macros
2016-03-31 11:15:33,304 - Velocimacro : initialization complete.
2016-03-31 11:15:33,304 - Velocity successfully started.
2016-03-31 22:21:15,419 - SimpleLog4JLogSystem initialized using logfile 'velocity.log'
2016-03-31 22:21:15,422 - ************************************************************** 
2016-03-31 22:21:15,423 - Starting Jakarta Velocity v1.4
2016-03-31 22:21:15,423 - RuntimeInstance initializing.
2016-03-31 22:21:15,423 - Default Properties File: org/apache/velocity/runtime/defaults/velocity.properties
2016-03-31 22:21:15,423 - Trying to use logger class org.apache.velocity.runtime.log.SimpleLog4JLogSystem
2016-03-31 22:21:15,423 - Using logger class org.apache.velocity.runtime.log.SimpleLog4JLogSystem
2016-03-31 22:21:15,446 - Default ResourceManager initializing. (class org.apache.velocity.runtime.resource.ResourceManagerImpl)
2016-03-31 22:21:15,455 - Resource Loader Instantiated: org.apache.velocity.runtime.resource.loader.ClasspathResourceLoader
2016-03-31 22:21:15,455 - ClasspathResourceLoader : initialization starting.
2016-03-31 22:21:15,455 - ClasspathResourceLoader : initialization complete.
2016-03-31 22:21:15,461 - ResourceCache : initialized. (class org.apache.velocity.runtime.resource.ResourceCacheImpl)
2016-03-31 22:21:15,461 - Default ResourceManager initialization complete.
2016-03-31 22:21:15,466 - Loaded System Directive: org.apache.velocity.runtime.directive.Literal
2016-03-31 22:21:15,475 - Loaded System Directive: org.apache.velocity.runtime.directive.Macro
2016-03-31 22:21:15,494 - Loaded System Directive: org.apache.velocity.runtime.directive.Parse
2016-03-31 22:21:15,506 - Loaded System Directive: org.apache.velocity.runtime.directive.Include
2016-03-31 22:21:15,512 - Loaded System Directive: org.apache.velocity.runtime.directive.Foreach
2016-03-31 22:21:15,613 - Created: 20 parsers.
2016-03-31 22:21:15,658 - Velocimacro : initialization starting.
2016-03-31 22:21:15,658 - Velocimacro : adding VMs from VM library template : VM_global_library.vm
2016-03-31 22:21:15,684 - ResourceManager : unable to find resource 'VM_global_library.vm' in any resource loader.
2016-03-31 22:21:15,684 - Velocimacro : error using  VM library template VM_global_library.vm : org.apache.velocity.exception.ResourceNotFoundException: Unable to find resource 'VM_global_library.vm'
2016-03-31 22:21:15,685 - Velocimacro :  VM library template macro registration complete.
2016-03-31 22:21:15,685 - Velocimacro : allowInline = true : VMs can be defined inline in templates
2016-03-31 22:21:15,685 - Velocimacro : allowInlineToOverride = false : VMs defined inline may NOT replace previous VM definitions
2016-03-31 22:21:15,685 - Velocimacro : allowInlineLocal = false : VMs defined inline will be  global in scope if allowed.
2016-03-31 22:21:15,685 - Velocimacro : messages on  : VM system will output logging messages
2016-03-31 22:21:15,685 - Velocimacro : autoload off  : VM system will not automatically reload global library macros
2016-03-31 22:21:15,685 - Velocimacro : initialization complete.
2016-03-31 22:21:15,685 - Velocity successfully started.
