2016-02-11 03:46:15,755 - RuntimeInstance initializing.
2016-02-11 03:46:15,755 - Default Properties File: org/apache/velocity/runtime/defaults/velocity.properties
2016-02-11 03:46:15,755 - Trying to use logger class org.apache.velocity.runtime.log.SimpleLog4JLogSystem
2016-02-11 03:46:15,755 - Using logger class org.apache.velocity.runtime.log.SimpleLog4JLogSystem
2016-02-11 03:46:15,820 - Default ResourceManager initializing. (class org.apache.velocity.runtime.resource.ResourceManagerImpl)
2016-02-11 03:46:15,840 - Resource Loader Instantiated: org.apache.velocity.runtime.resource.loader.ClasspathResourceLoader
2016-02-11 03:46:15,840 - ClasspathResourceLoader : initialization starting.
2016-02-11 03:46:15,840 - ClasspathResourceLoader : initialization complete.
2016-02-11 03:46:15,854 - ResourceCache : initialized. (class org.apache.velocity.runtime.resource.ResourceCacheImpl)
2016-02-11 03:46:15,855 - Default ResourceManager initialization complete.
2016-02-11 03:46:15,862 - Loaded System Directive: org.apache.velocity.runtime.directive.Literal
2016-02-11 03:46:15,876 - Loaded System Directive: org.apache.velocity.runtime.directive.Macro
2016-02-11 03:46:15,893 - Loaded System Directive: org.apache.velocity.runtime.directive.Parse
2016-02-11 03:46:15,936 - Loaded System Directive: org.apache.velocity.runtime.directive.Include
2016-02-11 03:46:15,939 - Loaded System Directive: org.apache.velocity.runtime.directive.Foreach
2016-02-11 03:46:16,024 - Created: 20 parsers.
2016-02-11 03:46:16,056 - Velocimacro : initialization starting.
2016-02-11 03:46:16,056 - Velocimacro : adding VMs from VM library template : VM_global_library.vm
2016-02-11 03:46:16,071 - ResourceManager : unable to find resource 'VM_global_library.vm' in any resource loader.
2016-02-11 03:46:16,071 - Velocimacro : error using  VM library template VM_global_library.vm : org.apache.velocity.exception.ResourceNotFoundException: Unable to find resource 'VM_global_library.vm'
2016-02-11 03:46:16,071 - Velocimacro :  VM library template macro registration complete.
2016-02-11 03:46:16,071 - Velocimacro : allowInline = true : VMs can be defined inline in templates
2016-02-11 03:46:16,071 - Velocimacro : allowInlineToOverride = false : VMs defined inline may NOT replace previous VM definitions
2016-02-11 03:46:16,071 - Velocimacro : allowInlineLocal = false : VMs defined inline will be  global in scope if allowed.
2016-02-11 03:46:16,071 - Velocimacro : messages on  : VM system will output logging messages
2016-02-11 03:46:16,071 - Velocimacro : autoload off  : VM system will not automatically reload global library macros
2016-02-11 03:46:16,071 - Velocimacro : initialization complete.
2016-02-11 03:46:16,071 - Velocity successfully started.
